<?xml version="1.0" encoding="UTF-8"?>
<!-- Generated by org.testng.reporters.JUnitXMLReporter -->
<testsuite ignored="0" hostname="Supakans-MacBook-Pro.local" failures="0" tests="9" name="Default test" time="6.012" errors="0" timestamp="2023-01-05T21:51:56 EST">
  <testcase classname="petStoreApiTests.PetStoreApiTests" name="chainValidation" time="3.567"/>
  <testcase classname="petStoreApiTests.PetStoreApiTests" name="createCatWithJsonFile" time="0.235"/>
  <testcase classname="petStoreApiTests.PetStoreApiTests" name="invalidIdUpdateCat" time="0.213"/>
  <testcase classname="petStoreApiTests.PetStoreApiTests" name="postACat" time="0.156"/>
  <testcase classname="petStoreApiTests.PetStoreApiTests" name="postAPet" time="0.151"/>
  <testcase classname="petStoreApiTests.PetStoreApiTests" name="findPetByStatus" time="0.143"/>
  <testcase classname="petStoreApiTests.PetStoreApiTests" name="getPetById" time="0.114"/>
  <testcase classname="petStoreApiTests.PetStoreApiTests" name="updateCat" time="0.139"/>
  <testcase classname="petStoreApiTests.PetStoreApiTests" name="getById" time="0.285"/>
</testsuite> <!-- Default test -->
