<?xml version="1.0" encoding="UTF-8"?>
<!-- Generated by org.testng.reporters.JUnitXMLReporter -->
<testsuite ignored="0" hostname="Supakans-MacBook-Pro.local" failures="0" tests="6" name="Default test" time="47.977" errors="0" timestamp="2023-01-05T19:09:43 EST">
  <testcase classname="test.AmazonSeach" name="AmazonSearchTest" time="25.547"/>
  <testcase classname="test.AmazonSeach" name="AmazonSearchTest" time="5.429"/>
  <testcase classname="test.AmazonSeach" name="AmazonSearchTest" time="3.616"/>
  <testcase classname="test.AmazonSeach" name="AmazonSearchTest" time="3.894"/>
  <testcase classname="test.AmazonSeach" name="AmazonSearchTest" time="3.424"/>
  <testcase classname="test.AmazonSeach" name="AmazonSearchTest" time="3.257"/>
</testsuite> <!-- Default test -->
