<?xml version="1.0" encoding="UTF-8"?>
<testng-results ignored="0" total="6" passed="6" failed="0" skipped="0">
  <reporter-output>
  </reporter-output>
  <suite started-at="2023-01-05T19:08:55 EST" name="Default suite" finished-at="2023-01-05T19:09:43 EST" duration-ms="47977">
    <groups>
    </groups>
    <test started-at="2023-01-05T19:08:55 EST" name="Default test" finished-at="2023-01-05T19:09:43 EST" duration-ms="47977">
      <class name="test.AmazonSeach">
        <test-method is-config="true" signature="setup()[pri:0, instance:test.AmazonSeach@12b0404f]" started-at="2023-01-05T19:08:55 EST" name="setup" finished-at="2023-01-05T19:08:58 EST" duration-ms="2602" status="PASS">
          <reporter-output>
          </reporter-output>
        </test-method> <!-- setup -->
        <test-method signature="AmazonSearchTest(java.lang.String)[pri:0, instance:test.AmazonSeach@12b0404f]" started-at="2023-01-05T19:08:58 EST" name="AmazonSearchTest" data-provider="searchItems" finished-at="2023-01-05T19:09:23 EST" duration-ms="25547" status="PASS">
          <params>
            <param index="0">
              <value>
                <![CDATA[coffee mug]]>
              </value>
            </param>
          </params>
          <reporter-output>
          </reporter-output>
        </test-method> <!-- AmazonSearchTest -->
        <test-method signature="AmazonSearchTest(java.lang.String)[pri:0, instance:test.AmazonSeach@12b0404f]" started-at="2023-01-05T19:09:23 EST" name="AmazonSearchTest" data-provider="searchItems" finished-at="2023-01-05T19:09:29 EST" duration-ms="5429" status="PASS">
          <params>
            <param index="0">
              <value>
                <![CDATA[pretty coffee mug]]>
              </value>
            </param>
          </params>
          <reporter-output>
          </reporter-output>
        </test-method> <!-- AmazonSearchTest -->
        <test-method signature="AmazonSearchTest(java.lang.String)[pri:0, instance:test.AmazonSeach@12b0404f]" started-at="2023-01-05T19:09:29 EST" name="AmazonSearchTest" data-provider="searchItems" finished-at="2023-01-05T19:09:32 EST" duration-ms="3616" status="PASS">
          <params>
            <param index="0">
              <value>
                <![CDATA[ugly coffee mug]]>
              </value>
            </param>
          </params>
          <reporter-output>
          </reporter-output>
        </test-method> <!-- AmazonSearchTest -->
        <test-method signature="AmazonSearchTest(java.lang.String)[pri:0, instance:test.AmazonSeach@12b0404f]" started-at="2023-01-05T19:09:32 EST" name="AmazonSearchTest" data-provider="searchItems" finished-at="2023-01-05T19:09:36 EST" duration-ms="3894" status="PASS">
          <params>
            <param index="0">
              <value>
                <![CDATA[funny coffee mug]]>
              </value>
            </param>
          </params>
          <reporter-output>
          </reporter-output>
        </test-method> <!-- AmazonSearchTest -->
        <test-method signature="AmazonSearchTest(java.lang.String)[pri:0, instance:test.AmazonSeach@12b0404f]" started-at="2023-01-05T19:09:36 EST" name="AmazonSearchTest" data-provider="searchItems" finished-at="2023-01-05T19:09:40 EST" duration-ms="3424" status="PASS">
          <params>
            <param index="0">
              <value>
                <![CDATA[gold coffee mug]]>
              </value>
            </param>
          </params>
          <reporter-output>
          </reporter-output>
        </test-method> <!-- AmazonSearchTest -->
        <test-method signature="AmazonSearchTest(java.lang.String)[pri:0, instance:test.AmazonSeach@12b0404f]" started-at="2023-01-05T19:09:40 EST" name="AmazonSearchTest" data-provider="searchItems" finished-at="2023-01-05T19:09:43 EST" duration-ms="3257" status="PASS">
          <params>
            <param index="0">
              <value>
                <![CDATA[argentina coffee mug]]>
              </value>
            </param>
          </params>
          <reporter-output>
          </reporter-output>
        </test-method> <!-- AmazonSearchTest -->
        <test-method is-config="true" signature="quitDriver()[pri:0, instance:test.AmazonSeach@12b0404f]" started-at="2023-01-05T19:09:43 EST" name="quitDriver" finished-at="2023-01-05T19:09:43 EST" duration-ms="155" status="PASS">
          <reporter-output>
          </reporter-output>
        </test-method> <!-- quitDriver -->
      </class> <!-- test.AmazonSeach -->
    </test> <!-- Default test -->
  </suite> <!-- Default suite -->
</testng-results>
